Using pre-set license
Built from '2020.3/staging' branch; Version is '2020.3.8f1 (507919d4fff5) revision 5273881'; Using compiler version '192528614'; Build Type 'Release'
OS: 'Windows 10 Pro; OS build 22000.978; Version 2009; 64bit' Language: 'ru' Physical Memory: 16337 MB
BatchMode: 1, IsHumanControllingUs: 0, StartBugReporterOnCrash: 0, Is64bit: 1, IsPro: 0

 COMMAND LINE ARGUMENTS:
C:\Program Files\Unity\Hub\Editor\2020.3.8f1\Editor\Unity.exe
-adb2
-batchMode
-noUpm
-name
AssetImportWorker0
-projectPath
E:/GitHub/Spaceship-troubleshooter/Spaceship-troubleshooter
-logFile
Logs/AssetImportWorker0.log
-srvPort
9258
Successfully changed project path to: E:/GitHub/Spaceship-troubleshooter/Spaceship-troubleshooter
E:/GitHub/Spaceship-troubleshooter/Spaceship-troubleshooter
Using Asset Import Pipeline V2.
Refreshing native plugins compatible for Editor in 58.10 ms, found 1 plugins.
Preloading 0 native plugins for Editor in 0.00 ms.
Initialize engine version: 2020.3.8f1 (507919d4fff5)
[Subsystems] Discovering subsystems at path C:/Program Files/Unity/Hub/Editor/2020.3.8f1/Editor/Data/Resources/UnitySubsystems
[Subsystems] Discovering subsystems at path E:/GitHub/Spaceship-troubleshooter/Spaceship-troubleshooter/Assets
GfxDevice: creating device client; threaded=0
Direct3D:
    Version:  Direct3D 11.0 [level 11.1]
    Renderer: NVIDIA GeForce GTX 1070 (ID=0x1b81)
    Vendor:   
    VRAM:     8088 MB
    Driver:   31.0.15.1748
Initialize mono
Mono path[0] = 'C:/Program Files/Unity/Hub/Editor/2020.3.8f1/Editor/Data/Managed'
Mono path[1] = 'C:/Program Files/Unity/Hub/Editor/2020.3.8f1/Editor/Data/MonoBleedingEdge/lib/mono/unityjit'
Mono config path = 'C:/Program Files/Unity/Hub/Editor/2020.3.8f1/Editor/Data/MonoBleedingEdge/etc'
Using monoOptions --debugger-agent=transport=dt_socket,embedding=1,server=y,suspend=n,address=127.0.0.1:56480
Begin MonoManager ReloadAssembly
Registering precompiled unity dll's ...
Register platform support module: C:/Program Files/Unity/Hub/Editor/2020.3.8f1/Editor/Data/PlaybackEngines/WindowsStandaloneSupport/UnityEditor.WindowsStandalone.Extensions.dll
Registered in 0.003135 seconds.
Native extension for WindowsStandalone target not found
Refreshing native plugins compatible for Editor in 54.82 ms, found 1 plugins.
Preloading 0 native plugins for Editor in 0.00 ms.
Mono: successfully reloaded assembly
- Completed reload, in  1.768 seconds
Platform modules already initialized, skipping
Registering precompiled user dll's ...
Registered in 0.001317 seconds.
Begin MonoManager ReloadAssembly
Native extension for WindowsStandalone target not found
Refreshing native plugins compatible for Editor in 54.59 ms, found 1 plugins.
Preloading 0 native plugins for Editor in 0.00 ms.
Mono: successfully reloaded assembly
- Completed reload, in  1.409 seconds
Platform modules already initialized, skipping
========================================================================
Worker process is ready to serve import requests
Launched and connected shader compiler UnityShaderCompiler.exe after 0.07 seconds
Refreshing native plugins compatible for Editor in 0.40 ms, found 1 plugins.
Preloading 0 native plugins for Editor in 0.00 ms.
Unloading 2019 Unused Serialized files (Serialized files now loaded: 0)
System memory in use before: 94.2 MB.
System memory in use after: 94.3 MB.

Unloading 20 unused Assets to reduce memory usage. Loaded Objects now: 2469.
Total: 2.646700 ms (FindLiveObjects: 0.217300 ms CreateObjectMapping: 0.089500 ms MarkObjects: 2.230700 ms  DeleteObjects: 0.107500 ms)

========================================================================
Received Import Request.
  path: Assets/_Project/Sprites/UI/Arrow_16x16.png
  artifactKey: Guid(a0eab6d9a6d401b48a5800483b7c32d4) Importer(815301076,1909f56bfc062723c751e8b465ee728b)
Start importing Assets/_Project/Sprites/UI/Arrow_16x16.png using Guid(a0eab6d9a6d401b48a5800483b7c32d4) Importer(815301076,1909f56bfc062723c751e8b465ee728b)  -> (artifact id: '404d2d2eabbe7f0fea24e28665652364') in 0.164555 seconds
  Import took 0.168043 seconds .

========================================================================
Received Prepare
Registering precompiled user dll's ...
Registered in 0.001513 seconds.
Begin MonoManager ReloadAssembly
Native extension for WindowsStandalone target not found
Refreshing native plugins compatible for Editor in 0.44 ms, found 1 plugins.
Preloading 0 native plugins for Editor in 0.00 ms.
Mono: successfully reloaded assembly
- Completed reload, in  1.287 seconds
Platform modules already initialized, skipping
Refreshing native plugins compatible for Editor in 0.50 ms, found 1 plugins.
Preloading 0 native plugins for Editor in 0.00 ms.
Unloading 1994 Unused Serialized files (Serialized files now loaded: 0)
System memory in use before: 95.2 MB.
System memory in use after: 95.3 MB.

Unloading 8 unused Assets to reduce memory usage. Loaded Objects now: 2479.
Total: 2.520500 ms (FindLiveObjects: 0.200600 ms CreateObjectMapping: 0.056900 ms MarkObjects: 2.235200 ms  DeleteObjects: 0.026000 ms)

========================================================================
Received Prepare
Registering precompiled user dll's ...
Registered in 0.001468 seconds.
Begin MonoManager ReloadAssembly
Native extension for WindowsStandalone target not found
Refreshing native plugins compatible for Editor in 0.43 ms, found 1 plugins.
Preloading 0 native plugins for Editor in 0.00 ms.
Mono: successfully reloaded assembly
- Completed reload, in  1.205 seconds
Platform modules already initialized, skipping
Refreshing native plugins compatible for Editor in 0.58 ms, found 1 plugins.
Preloading 0 native plugins for Editor in 0.00 ms.
Unloading 1994 Unused Serialized files (Serialized files now loaded: 0)
System memory in use before: 95.2 MB.
System memory in use after: 95.3 MB.

Unloading 8 unused Assets to reduce memory usage. Loaded Objects now: 2483.
Total: 2.575800 ms (FindLiveObjects: 0.196700 ms CreateObjectMapping: 0.056400 ms MarkObjects: 2.295200 ms  DeleteObjects: 0.026000 ms)

========================================================================
Received Prepare
Registering precompiled user dll's ...
Registered in 0.001354 seconds.
Begin MonoManager ReloadAssembly
Native extension for WindowsStandalone target not found
Refreshing native plugins compatible for Editor in 0.43 ms, found 1 plugins.
Preloading 0 native plugins for Editor in 0.00 ms.
Mono: successfully reloaded assembly
- Completed reload, in  1.180 seconds
Platform modules already initialized, skipping
Refreshing native plugins compatible for Editor in 0.42 ms, found 1 plugins.
Preloading 0 native plugins for Editor in 0.00 ms.
Unloading 1994 Unused Serialized files (Serialized files now loaded: 0)
System memory in use before: 95.2 MB.
System memory in use after: 95.4 MB.

Unloading 8 unused Assets to reduce memory usage. Loaded Objects now: 2487.
Total: 2.289600 ms (FindLiveObjects: 0.205100 ms CreateObjectMapping: 0.056200 ms MarkObjects: 2.006500 ms  DeleteObjects: 0.020500 ms)

========================================================================
Received Prepare
Registering precompiled user dll's ...
Registered in 0.001371 seconds.
Begin MonoManager ReloadAssembly
Native extension for WindowsStandalone target not found
Refreshing native plugins compatible for Editor in 0.43 ms, found 1 plugins.
Preloading 0 native plugins for Editor in 0.00 ms.
Mono: successfully reloaded assembly
- Completed reload, in  1.153 seconds
Platform modules already initialized, skipping
Refreshing native plugins compatible for Editor in 0.41 ms, found 1 plugins.
Preloading 0 native plugins for Editor in 0.00 ms.
Unloading 1994 Unused Serialized files (Serialized files now loaded: 0)
System memory in use before: 95.3 MB.
System memory in use after: 95.4 MB.

Unloading 8 unused Assets to reduce memory usage. Loaded Objects now: 2491.
Total: 2.251400 ms (FindLiveObjects: 0.211900 ms CreateObjectMapping: 0.057700 ms MarkObjects: 1.959300 ms  DeleteObjects: 0.020600 ms)

========================================================================
Received Prepare
Refreshing native plugins compatible for Editor in 1.91 ms, found 1 plugins.
Preloading 0 native plugins for Editor in 0.00 ms.
Unloading 5 Unused Serialized files (Serialized files now loaded: 0)
System memory in use before: 55.8 MB.
System memory in use after: 56.0 MB.

Unloading 5 unused Assets to reduce memory usage. Loaded Objects now: 2491.
Total: 2.332400 ms (FindLiveObjects: 0.193200 ms CreateObjectMapping: 0.055000 ms MarkObjects: 2.063000 ms  DeleteObjects: 0.019600 ms)

========================================================================
Received Prepare
Refreshing native plugins compatible for Editor in 1.81 ms, found 1 plugins.
Preloading 0 native plugins for Editor in 0.00 ms.
Unloading 5 Unused Serialized files (Serialized files now loaded: 0)
System memory in use before: 55.8 MB.
System memory in use after: 56.0 MB.

Unloading 5 unused Assets to reduce memory usage. Loaded Objects now: 2491.
Total: 2.400300 ms (FindLiveObjects: 0.203400 ms CreateObjectMapping: 0.055400 ms MarkObjects: 2.123600 ms  DeleteObjects: 0.016700 ms)

========================================================================
Received Import Request.
  Time since last request: 814.634378 seconds.
  path: Assets/_Project/Animations/Player/PlayerContinueFixing.anim
  artifactKey: Guid(0d08e3ed1cd120d4fb01d54d88151be8) Importer(815301076,1909f56bfc062723c751e8b465ee728b)
Start importing Assets/_Project/Animations/Player/PlayerContinueFixing.anim using Guid(0d08e3ed1cd120d4fb01d54d88151be8) Importer(815301076,1909f56bfc062723c751e8b465ee728b)  -> (artifact id: '337f7f3f33f72afbdb22c29044e8cf6d') in 0.033720 seconds
  Import took 0.037409 seconds .

========================================================================
Received Import Request.
  Time since last request: 0.100445 seconds.
  path: Assets/_Project/Animations/Player/PlayerContinueFixing.anim
  artifactKey: Guid(0d08e3ed1cd120d4fb01d54d88151be8) Importer(815301076,1909f56bfc062723c751e8b465ee728b)
Start importing Assets/_Project/Animations/Player/PlayerContinueFixing.anim using Guid(0d08e3ed1cd120d4fb01d54d88151be8) Importer(815301076,1909f56bfc062723c751e8b465ee728b)  -> (artifact id: '337f7f3f33f72afbdb22c29044e8cf6d') in 0.002966 seconds
  Import took 0.006462 seconds .

========================================================================
Received Import Request.
  Time since last request: 1.422350 seconds.
  path: Assets/_Project/Animations/Player/PlayerIdle.anim
  artifactKey: Guid(d8ab09e9ce0f6e545b320bef7e87d075) Importer(815301076,1909f56bfc062723c751e8b465ee728b)
Start importing Assets/_Project/Animations/Player/PlayerIdle.anim using Guid(d8ab09e9ce0f6e545b320bef7e87d075) Importer(815301076,1909f56bfc062723c751e8b465ee728b)  -> (artifact id: '1706531fb7aa6c38de34d57468a1f709') in 0.007375 seconds
  Import took 0.010739 seconds .

========================================================================
Received Prepare
Registering precompiled user dll's ...
Registered in 0.001344 seconds.
Begin MonoManager ReloadAssembly
Native extension for WindowsStandalone target not found
Refreshing native plugins compatible for Editor in 0.44 ms, found 1 plugins.
Preloading 0 native plugins for Editor in 0.00 ms.
Mono: successfully reloaded assembly
- Completed reload, in  1.171 seconds
Platform modules already initialized, skipping
Refreshing native plugins compatible for Editor in 0.43 ms, found 1 plugins.
Preloading 0 native plugins for Editor in 0.00 ms.
Unloading 1994 Unused Serialized files (Serialized files now loaded: 0)
System memory in use before: 95.3 MB.
System memory in use after: 95.4 MB.

Unloading 8 unused Assets to reduce memory usage. Loaded Objects now: 2495.
Total: 2.256800 ms (FindLiveObjects: 0.192000 ms CreateObjectMapping: 0.056200 ms MarkObjects: 1.987200 ms  DeleteObjects: 0.020000 ms)

========================================================================
Received Prepare
Registering precompiled user dll's ...
Registered in 0.001347 seconds.
Begin MonoManager ReloadAssembly
Native extension for WindowsStandalone target not found
Refreshing native plugins compatible for Editor in 0.41 ms, found 1 plugins.
Preloading 0 native plugins for Editor in 0.00 ms.
Mono: successfully reloaded assembly
- Completed reload, in  1.147 seconds
Platform modules already initialized, skipping
Refreshing native plugins compatible for Editor in 0.41 ms, found 1 plugins.
Preloading 0 native plugins for Editor in 0.00 ms.
Unloading 1994 Unused Serialized files (Serialized files now loaded: 0)
System memory in use before: 95.3 MB.
System memory in use after: 95.4 MB.

Unloading 8 unused Assets to reduce memory usage. Loaded Objects now: 2499.
Total: 2.326500 ms (FindLiveObjects: 0.191600 ms CreateObjectMapping: 0.056000 ms MarkObjects: 2.057300 ms  DeleteObjects: 0.019900 ms)

========================================================================
Received Import Request.
  Time since last request: 149.596359 seconds.
  path: Assets/Resources/Prefabs/Player.prefab
  artifactKey: Guid(522805ce9b1eaad44b43388ad1736b5c) Importer(815301076,1909f56bfc062723c751e8b465ee728b)
Start importing Assets/Resources/Prefabs/Player.prefab using Guid(522805ce9b1eaad44b43388ad1736b5c) Importer(815301076,1909f56bfc062723c751e8b465ee728b)  -> (artifact id: 'f18c7de3a67309d3b639f1ac060ac204') in 0.130702 seconds
  Import took 0.134763 seconds .

========================================================================
Received Import Request.
  Time since last request: 0.005265 seconds.
  path: Assets/Resources/Prefabs/Player.prefab
  artifactKey: Guid(522805ce9b1eaad44b43388ad1736b5c) Importer(815301076,1909f56bfc062723c751e8b465ee728b)
Start importing Assets/Resources/Prefabs/Player.prefab using Guid(522805ce9b1eaad44b43388ad1736b5c) Importer(815301076,1909f56bfc062723c751e8b465ee728b)  -> (artifact id: 'f18c7de3a67309d3b639f1ac060ac204') in 0.016908 seconds
  Import took 0.020584 seconds .

========================================================================
Received Prepare
Registering precompiled user dll's ...
Registered in 0.001365 seconds.
Begin MonoManager ReloadAssembly
Native extension for WindowsStandalone target not found
Refreshing native plugins compatible for Editor in 0.42 ms, found 1 plugins.
Preloading 0 native plugins for Editor in 0.00 ms.
Mono: successfully reloaded assembly
- Completed reload, in  1.253 seconds
Platform modules already initialized, skipping
Refreshing native plugins compatible for Editor in 0.44 ms, found 1 plugins.
Preloading 0 native plugins for Editor in 0.00 ms.
Unloading 1994 Unused Serialized files (Serialized files now loaded: 0)
System memory in use before: 95.4 MB.
System memory in use after: 95.5 MB.

Unloading 8 unused Assets to reduce memory usage. Loaded Objects now: 2508.
Total: 2.651100 ms (FindLiveObjects: 0.215800 ms CreateObjectMapping: 0.057200 ms MarkObjects: 2.354600 ms  DeleteObjects: 0.022000 ms)

========================================================================
Received Prepare
Registering precompiled user dll's ...
Registered in 0.001352 seconds.
Begin MonoManager ReloadAssembly
Native extension for WindowsStandalone target not found
Refreshing native plugins compatible for Editor in 0.42 ms, found 1 plugins.
Preloading 0 native plugins for Editor in 0.00 ms.
Mono: successfully reloaded assembly
- Completed reload, in  1.142 seconds
Platform modules already initialized, skipping
Refreshing native plugins compatible for Editor in 0.46 ms, found 1 plugins.
Preloading 0 native plugins for Editor in 0.00 ms.
Unloading 1994 Unused Serialized files (Serialized files now loaded: 0)
System memory in use before: 95.4 MB.
System memory in use after: 95.5 MB.

Unloading 8 unused Assets to reduce memory usage. Loaded Objects now: 2512.
Total: 2.857200 ms (FindLiveObjects: 0.208100 ms CreateObjectMapping: 0.068600 ms MarkObjects: 2.545600 ms  DeleteObjects: 0.033100 ms)

========================================================================
Received Prepare
Registering precompiled user dll's ...
Registered in 0.002050 seconds.
Begin MonoManager ReloadAssembly
Native extension for WindowsStandalone target not found
Refreshing native plugins compatible for Editor in 0.42 ms, found 1 plugins.
Preloading 0 native plugins for Editor in 0.00 ms.
Mono: successfully reloaded assembly
- Completed reload, in  1.135 seconds
Platform modules already initialized, skipping
Refreshing native plugins compatible for Editor in 0.44 ms, found 1 plugins.
Preloading 0 native plugins for Editor in 0.00 ms.
Unloading 1994 Unused Serialized files (Serialized files now loaded: 0)
System memory in use before: 95.4 MB.
System memory in use after: 95.5 MB.

Unloading 8 unused Assets to reduce memory usage. Loaded Objects now: 2516.
Total: 2.180400 ms (FindLiveObjects: 0.204200 ms CreateObjectMapping: 0.056500 ms MarkObjects: 1.895900 ms  DeleteObjects: 0.022400 ms)

========================================================================
Received Prepare
Registering precompiled user dll's ...
Registered in 0.001330 seconds.
Begin MonoManager ReloadAssembly
Native extension for WindowsStandalone target not found
Refreshing native plugins compatible for Editor in 0.50 ms, found 1 plugins.
Preloading 0 native plugins for Editor in 0.00 ms.
Mono: successfully reloaded assembly
- Completed reload, in  1.145 seconds
Platform modules already initialized, skipping
Refreshing native plugins compatible for Editor in 0.43 ms, found 1 plugins.
Preloading 0 native plugins for Editor in 0.00 ms.
Unloading 1994 Unused Serialized files (Serialized files now loaded: 0)
System memory in use before: 95.3 MB.
System memory in use after: 95.5 MB.

Unloading 8 unused Assets to reduce memory usage. Loaded Objects now: 2520.
Total: 2.361800 ms (FindLiveObjects: 0.238100 ms CreateObjectMapping: 0.058900 ms MarkObjects: 2.042400 ms  DeleteObjects: 0.021100 ms)

========================================================================
Received Prepare
Registering precompiled user dll's ...
Registered in 0.001754 seconds.
Begin MonoManager ReloadAssembly
Native extension for WindowsStandalone target not found
Refreshing native plugins compatible for Editor in 0.61 ms, found 1 plugins.
Preloading 0 native plugins for Editor in 0.00 ms.
Mono: successfully reloaded assembly
- Completed reload, in  1.148 seconds
Platform modules already initialized, skipping
Refreshing native plugins compatible for Editor in 0.46 ms, found 1 plugins.
Preloading 0 native plugins for Editor in 0.00 ms.
Unloading 1994 Unused Serialized files (Serialized files now loaded: 0)
System memory in use before: 95.4 MB.
System memory in use after: 95.5 MB.

Unloading 8 unused Assets to reduce memory usage. Loaded Objects now: 2524.
Total: 2.413200 ms (FindLiveObjects: 0.196500 ms CreateObjectMapping: 0.057800 ms MarkObjects: 2.123400 ms  DeleteObjects: 0.033800 ms)

========================================================================
Received Prepare
Registering precompiled user dll's ...
Registered in 0.001534 seconds.
Begin MonoManager ReloadAssembly
Native extension for WindowsStandalone target not found
Refreshing native plugins compatible for Editor in 0.41 ms, found 1 plugins.
Preloading 0 native plugins for Editor in 0.00 ms.
Mono: successfully reloaded assembly
- Completed reload, in  1.141 seconds
Platform modules already initialized, skipping
Refreshing native plugins compatible for Editor in 0.44 ms, found 1 plugins.
Preloading 0 native plugins for Editor in 0.00 ms.
Unloading 1994 Unused Serialized files (Serialized files now loaded: 0)
System memory in use before: 95.4 MB.
System memory in use after: 95.5 MB.

Unloading 8 unused Assets to reduce memory usage. Loaded Objects now: 2528.
Total: 2.778400 ms (FindLiveObjects: 0.360100 ms CreateObjectMapping: 0.093100 ms MarkObjects: 2.302100 ms  DeleteObjects: 0.020600 ms)

========================================================================
Received Prepare
Registering precompiled user dll's ...
Registered in 0.001491 seconds.
Begin MonoManager ReloadAssembly
Native extension for WindowsStandalone target not found
Refreshing native plugins compatible for Editor in 0.42 ms, found 1 plugins.
Preloading 0 native plugins for Editor in 0.00 ms.
Mono: successfully reloaded assembly
- Completed reload, in  1.182 seconds
Platform modules already initialized, skipping
Refreshing native plugins compatible for Editor in 0.41 ms, found 1 plugins.
Preloading 0 native plugins for Editor in 0.00 ms.
Unloading 1994 Unused Serialized files (Serialized files now loaded: 0)
System memory in use before: 95.4 MB.
System memory in use after: 95.5 MB.

Unloading 8 unused Assets to reduce memory usage. Loaded Objects now: 2532.
Total: 2.157900 ms (FindLiveObjects: 0.198700 ms CreateObjectMapping: 0.056500 ms MarkObjects: 1.881400 ms  DeleteObjects: 0.019700 ms)

========================================================================
Received Prepare
Registering precompiled user dll's ...
Registered in 0.001994 seconds.
Begin MonoManager ReloadAssembly
Native extension for WindowsStandalone target not found
Refreshing native plugins compatible for Editor in 0.46 ms, found 1 plugins.
Preloading 0 native plugins for Editor in 0.00 ms.
Mono: successfully reloaded assembly
- Completed reload, in  1.162 seconds
Platform modules already initialized, skipping
Refreshing native plugins compatible for Editor in 0.44 ms, found 1 plugins.
Preloading 0 native plugins for Editor in 0.00 ms.
Unloading 1994 Unused Serialized files (Serialized files now loaded: 0)
System memory in use before: 95.4 MB.
System memory in use after: 95.5 MB.

Unloading 8 unused Assets to reduce memory usage. Loaded Objects now: 2536.
Total: 3.169700 ms (FindLiveObjects: 0.223900 ms CreateObjectMapping: 0.057800 ms MarkObjects: 2.862100 ms  DeleteObjects: 0.024700 ms)

========================================================================
Received Prepare
Registering precompiled user dll's ...
Registered in 0.001279 seconds.
Begin MonoManager ReloadAssembly
Native extension for WindowsStandalone target not found
Refreshing native plugins compatible for Editor in 0.43 ms, found 1 plugins.
Preloading 0 native plugins for Editor in 0.00 ms.
Mono: successfully reloaded assembly
- Completed reload, in  1.120 seconds
Platform modules already initialized, skipping
Refreshing native plugins compatible for Editor in 0.41 ms, found 1 plugins.
Preloading 0 native plugins for Editor in 0.00 ms.
Unloading 1994 Unused Serialized files (Serialized files now loaded: 0)
System memory in use before: 95.4 MB.
System memory in use after: 95.5 MB.

Unloading 8 unused Assets to reduce memory usage. Loaded Objects now: 2540.
Total: 2.249100 ms (FindLiveObjects: 0.197700 ms CreateObjectMapping: 0.056800 ms MarkObjects: 1.973000 ms  DeleteObjects: 0.020000 ms)

========================================================================
Received Prepare
Registering precompiled user dll's ...
Registered in 0.001398 seconds.
Begin MonoManager ReloadAssembly
Native extension for WindowsStandalone target not found
Refreshing native plugins compatible for Editor in 0.42 ms, found 1 plugins.
Preloading 0 native plugins for Editor in 0.00 ms.
Mono: successfully reloaded assembly
- Completed reload, in  1.156 seconds
Platform modules already initialized, skipping
Refreshing native plugins compatible for Editor in 0.45 ms, found 1 plugins.
Preloading 0 native plugins for Editor in 0.00 ms.
Unloading 1994 Unused Serialized files (Serialized files now loaded: 0)
System memory in use before: 95.4 MB.
System memory in use after: 95.6 MB.

Unloading 8 unused Assets to reduce memory usage. Loaded Objects now: 2544.
Total: 2.330600 ms (FindLiveObjects: 0.197200 ms CreateObjectMapping: 0.057300 ms MarkObjects: 2.049400 ms  DeleteObjects: 0.025100 ms)

AssetImportWorkerClient::OnTransportError - code=2 error=End of file
