Using pre-set license
Built from '2020.3/staging' branch; Version is '2020.3.8f1 (507919d4fff5) revision 5273881'; Using compiler version '192528614'; Build Type 'Release'
OS: 'Windows 10 Pro; OS build 22000.978; Version 2009; 64bit' Language: 'ru' Physical Memory: 16315 MB
BatchMode: 1, IsHumanControllingUs: 0, StartBugReporterOnCrash: 0, Is64bit: 1, IsPro: 0

 COMMAND LINE ARGUMENTS:
D:\Unity\2020.3.8f1\Editor\Unity.exe
-adb2
-batchMode
-noUpm
-name
AssetImportWorker0
-projectPath
D:/UnityProjects/Projects/Spaceship-troubleshooter/Spaceship-troubleshooter
-logFile
Logs/AssetImportWorker0.log
-srvPort
55459
Successfully changed project path to: D:/UnityProjects/Projects/Spaceship-troubleshooter/Spaceship-troubleshooter
D:/UnityProjects/Projects/Spaceship-troubleshooter/Spaceship-troubleshooter
Using Asset Import Pipeline V2.
Refreshing native plugins compatible for Editor in 40.71 ms, found 1 plugins.
Preloading 0 native plugins for Editor in 0.00 ms.
Initialize engine version: 2020.3.8f1 (507919d4fff5)
[Subsystems] Discovering subsystems at path D:/Unity/2020.3.8f1/Editor/Data/Resources/UnitySubsystems
[Subsystems] Discovering subsystems at path D:/UnityProjects/Projects/Spaceship-troubleshooter/Spaceship-troubleshooter/Assets
GfxDevice: creating device client; threaded=0
Direct3D:
    Version:  Direct3D 11.0 [level 11.1]
    Renderer: NVIDIA GeForce GTX 1060 6GB (ID=0x1c03)
    Vendor:   
    VRAM:     6052 MB
    Driver:   31.0.15.1694
Initialize mono
Mono path[0] = 'D:/Unity/2020.3.8f1/Editor/Data/Managed'
Mono path[1] = 'D:/Unity/2020.3.8f1/Editor/Data/MonoBleedingEdge/lib/mono/unityjit'
Mono config path = 'D:/Unity/2020.3.8f1/Editor/Data/MonoBleedingEdge/etc'
Using monoOptions --debugger-agent=transport=dt_socket,embedding=1,server=y,suspend=n,address=127.0.0.1:56188
Begin MonoManager ReloadAssembly
Registering precompiled unity dll's ...
Register platform support module: D:/Unity/2020.3.8f1/Editor/Data/PlaybackEngines/WindowsStandaloneSupport/UnityEditor.WindowsStandalone.Extensions.dll
Registered in 0.000811 seconds.
Native extension for WindowsStandalone target not found
Refreshing native plugins compatible for Editor in 41.24 ms, found 1 plugins.
Preloading 0 native plugins for Editor in 0.00 ms.
Mono: successfully reloaded assembly
- Completed reload, in  0.746 seconds
Platform modules already initialized, skipping
Registering precompiled user dll's ...
Registered in 0.000626 seconds.
Begin MonoManager ReloadAssembly
Native extension for WindowsStandalone target not found
Refreshing native plugins compatible for Editor in 41.15 ms, found 1 plugins.
Preloading 0 native plugins for Editor in 0.00 ms.
Mono: successfully reloaded assembly
- Completed reload, in  0.818 seconds
Platform modules already initialized, skipping
========================================================================
Worker process is ready to serve import requests
Launched and connected shader compiler UnityShaderCompiler.exe after 0.05 seconds
Refreshing native plugins compatible for Editor in 0.84 ms, found 1 plugins.
Preloading 0 native plugins for Editor in 0.00 ms.
Unloading 1978 Unused Serialized files (Serialized files now loaded: 0)
System memory in use before: 91.4 MB.
System memory in use after: 91.5 MB.

Unloading 20 unused Assets to reduce memory usage. Loaded Objects now: 2428.
Total: 2.595800 ms (FindLiveObjects: 0.302500 ms CreateObjectMapping: 0.053500 ms MarkObjects: 2.164700 ms  DeleteObjects: 0.074200 ms)

========================================================================
Received Import Request.
  path: Assets/_Project/Sprites/UI/New Prefab.prefab
  artifactKey: Guid(cc87480eaea7cb24cae58204901d4319) Importer(815301076,1909f56bfc062723c751e8b465ee728b)
Start importing Assets/_Project/Sprites/UI/New Prefab.prefab using Guid(cc87480eaea7cb24cae58204901d4319) Importer(815301076,1909f56bfc062723c751e8b465ee728b)  -> (artifact id: '6f595bb69d9b797be1849355c4fa1385') in 0.075167 seconds
  Import took 0.078727 seconds .

========================================================================
Received Import Request.
  Time since last request: 60.485939 seconds.
  path: Packages/com.unity.2d.sprite/Editor/ObjectMenuCreation/DefaultAssets/Textures/9-SlicedWithBorder.png
  artifactKey: Guid(cc35afd292fc349128b36a291fb3a165) Importer(815301076,1909f56bfc062723c751e8b465ee728b)
Start importing Packages/com.unity.2d.sprite/Editor/ObjectMenuCreation/DefaultAssets/Textures/9-SlicedWithBorder.png using Guid(cc35afd292fc349128b36a291fb3a165) Importer(815301076,1909f56bfc062723c751e8b465ee728b)  -> (artifact id: '600f97cdfd3edc6a1685d83d25fc157c') in 0.076385 seconds
  Import took 0.079917 seconds .

========================================================================
Received Import Request.
  Time since last request: 0.000185 seconds.
  path: Packages/com.unity.2d.animation/Editor/Assets/SkinningModule/Icons/Light/Bone@3x.png
  artifactKey: Guid(76beef9fdae7b48468ddf07d0400a374) Importer(815301076,1909f56bfc062723c751e8b465ee728b)
Start importing Packages/com.unity.2d.animation/Editor/Assets/SkinningModule/Icons/Light/Bone@3x.png using Guid(76beef9fdae7b48468ddf07d0400a374) Importer(815301076,1909f56bfc062723c751e8b465ee728b)  -> (artifact id: 'c07d68126c6e632f5a4acceb6b935c68') in 0.020296 seconds
  Import took 0.023756 seconds .

========================================================================
Received Import Request.
  Time since last request: 0.000226 seconds.
  path: Packages/com.unity.2d.animation/Editor/Assets/SkinningModule/Icons/Selected/Bone_Influence@2x.png
  artifactKey: Guid(0779ad3feec52124e97114bcbb12ef13) Importer(815301076,1909f56bfc062723c751e8b465ee728b)
Start importing Packages/com.unity.2d.animation/Editor/Assets/SkinningModule/Icons/Selected/Bone_Influence@2x.png using Guid(0779ad3feec52124e97114bcbb12ef13) Importer(815301076,1909f56bfc062723c751e8b465ee728b)  -> (artifact id: '57fb578c07296edd47003f614ba57490') in 0.009935 seconds
  Import took 0.013470 seconds .

========================================================================
Received Import Request.
  Time since last request: 0.000175 seconds.
  path: Packages/com.unity.2d.animation/Editor/Assets/SkinningModule/Icons/Selected/Bone_Influence.png
  artifactKey: Guid(ff00345da0563d641903c5bd5bb748a4) Importer(815301076,1909f56bfc062723c751e8b465ee728b)
Start importing Packages/com.unity.2d.animation/Editor/Assets/SkinningModule/Icons/Selected/Bone_Influence.png using Guid(ff00345da0563d641903c5bd5bb748a4) Importer(815301076,1909f56bfc062723c751e8b465ee728b)  -> (artifact id: 'e045a106f2b3682dee2d26429113156c') in 0.009731 seconds
  Import took 0.013473 seconds .

========================================================================
Received Import Request.
  Time since last request: 0.000177 seconds.
  path: Packages/com.unity.2d.animation/Editor/Assets/SkinningModule/Icons/Light/Bone.png
  artifactKey: Guid(62ce01ddca719d34ea9648c586a7cc94) Importer(815301076,1909f56bfc062723c751e8b465ee728b)
Start importing Packages/com.unity.2d.animation/Editor/Assets/SkinningModule/Icons/Light/Bone.png using Guid(62ce01ddca719d34ea9648c586a7cc94) Importer(815301076,1909f56bfc062723c751e8b465ee728b)  -> (artifact id: 'fcb23684d1ec62a50c053c64e07b646f') in 0.008547 seconds
  Import took 0.011530 seconds .

========================================================================
Received Import Request.
  Time since last request: 0.000194 seconds.
  path: Packages/com.unity.2d.animation/Editor/Assets/SkinningModule/Icons/Light/Bone_Influence.png
  artifactKey: Guid(e92fc44f12c21dd44a49e390f39f7ffd) Importer(815301076,1909f56bfc062723c751e8b465ee728b)
Start importing Packages/com.unity.2d.animation/Editor/Assets/SkinningModule/Icons/Light/Bone_Influence.png using Guid(e92fc44f12c21dd44a49e390f39f7ffd) Importer(815301076,1909f56bfc062723c751e8b465ee728b)  -> (artifact id: '4c85fcd46f0d606ec51a00436b2008ee') in 0.007706 seconds
  Import took 0.010969 seconds .

========================================================================
Received Import Request.
  Time since last request: 0.000216 seconds.
  path: Packages/com.unity.2d.animation/Editor/Assets/SkinningModule/Icons/Light/Bone@4x.png
  artifactKey: Guid(9125c204f566db048a92ebcb64d9d14a) Importer(815301076,1909f56bfc062723c751e8b465ee728b)
Start importing Packages/com.unity.2d.animation/Editor/Assets/SkinningModule/Icons/Light/Bone@4x.png using Guid(9125c204f566db048a92ebcb64d9d14a) Importer(815301076,1909f56bfc062723c751e8b465ee728b)  -> (artifact id: 'f66700707a135573cf92fb0fc97e57a1') in 0.009226 seconds
  Import took 0.012559 seconds .

========================================================================
Received Import Request.
  Time since last request: 0.000210 seconds.
  path: Packages/com.unity.2d.animation/Editor/Assets/SkinningModule/Icons/Light/Bone@2x.png
  artifactKey: Guid(d6a44ab95b0def041a7929981a2c23a1) Importer(815301076,1909f56bfc062723c751e8b465ee728b)
Start importing Packages/com.unity.2d.animation/Editor/Assets/SkinningModule/Icons/Light/Bone@2x.png using Guid(d6a44ab95b0def041a7929981a2c23a1) Importer(815301076,1909f56bfc062723c751e8b465ee728b)  -> (artifact id: '7ba1d8daed21f5bf8cf2886461e33539') in 0.009162 seconds
  Import took 0.012710 seconds .

========================================================================
Received Import Request.
  Time since last request: 138.433173 seconds.
  path: Assets/_Project/Sprites/UI/Ship_Health_fill.png
  artifactKey: Guid(ae9d15d5b5912a843842ddd807da28aa) Importer(815301076,1909f56bfc062723c751e8b465ee728b)
Start importing Assets/_Project/Sprites/UI/Ship_Health_fill.png using Guid(ae9d15d5b5912a843842ddd807da28aa) Importer(815301076,1909f56bfc062723c751e8b465ee728b)  -> (artifact id: '787047024b229311779c51813fe76f32') in 0.006687 seconds
  Import took 0.010994 seconds .

========================================================================
Received Import Request.
  Time since last request: 80.364873 seconds.
  path: Assets/_Project/Sprites/UI/Ship_Health_fill.png
  artifactKey: Guid(ae9d15d5b5912a843842ddd807da28aa) Importer(815301076,1909f56bfc062723c751e8b465ee728b)
Start importing Assets/_Project/Sprites/UI/Ship_Health_fill.png using Guid(ae9d15d5b5912a843842ddd807da28aa) Importer(815301076,1909f56bfc062723c751e8b465ee728b)  -> (artifact id: '1991a9e3c51087c53cc07c753546889d') in 0.017631 seconds
  Import took 0.021327 seconds .

AssetImportWorkerClient::OnTransportError - code=2 error=End of file
